This file contains any messages produced by compilers while
running configure, to aid debugging if configure makes a mistake.

It was created by cfitsio configure 4.6.3, which was
generated by GNU Autoconf 2.72.  Invocation command line was

  $ ./configure --prefix=/home/thuscc25team39/WORK/MYSTERY/FINAL/cfitsio_local

## --------- ##
## Platform. ##
## --------- ##

hostname = ibcln01
uname -m = x86_64
uname -r = 3.10.0-1160.el7.nosig.x86_64
uname -s = Linux
uname -v = #1 SMP Sun Apr 24 08:26:01 CST 2022

/usr/bin/uname -p = x86_64
/bin/uname -X     = unknown

/bin/arch              = x86_64
/usr/bin/arch -k       = unknown
/usr/convex/getsysinfo = unknown
/usr/bin/hostinfo      = unknown
/bin/machine           = unknown
/usr/bin/oslevel       = unknown
/bin/universe          = unknown

PATH: /home/thuscc25team39/.conda/envs/mystery_env/bin/
PATH: /apps/soft/anaconda3/condabin/
PATH: /rmprog/slurm/v22.05.7/bin/
PATH: /usr/lib64/qt-3.3/bin/
PATH: /home/thuscc25team39/perl5/bin/
PATH: /apps/management/modules/v5.2.0/bin/
PATH: /opt/iozone/bin/
PATH: /usr/local/bin/
PATH: /usr/bin/
PATH: /usr/local/sbin/
PATH: /usr/sbin/
PATH: /home/thuscc25team39/.local/bin/
PATH: /home/thuscc25team39/bin/


## ----------- ##
## Core tests. ##
## ----------- ##

configure:2523: looking for aux files: compile ltmain.sh missing install-sh config.guess config.sub
configure:2536:  trying ./config/
configure:2565:   ./config/compile found
configure:2565:   ./config/ltmain.sh found
configure:2565:   ./config/missing found
configure:2547:   ./config/install-sh found
configure:2565:   ./config/config.guess found
configure:2565:   ./config/config.sub found
configure:2705: checking build system type
configure:2721: result: x86_64-pc-linux-gnu
configure:2741: checking host system type
configure:2756: result: x86_64-pc-linux-gnu
configure:2776: checking target system type
configure:2791: result: x86_64-pc-linux-gnu
configure:2837: checking for a BSD-compatible install
configure:2911: result: /usr/bin/install -c
configure:2922: checking whether sleep supports fractional seconds
configure:2938: result: yes
configure:2941: checking filesystem timestamp resolution
configure:3076: result: 2
configure:3081: checking whether build environment is sane
configure:3122: result: yes
configure:3293: checking for a race-free mkdir -p
configure:3336: result: /usr/bin/mkdir -p
configure:3343: checking for gawk
configure:3364: found /usr/bin/gawk
configure:3376: result: gawk
configure:3387: checking whether make sets $(MAKE)
configure:3411: result: yes
configure:3437: checking whether make supports nested variables
configure:3456: result: yes
configure:3470: checking xargs -n works
configure:3486: result: yes
configure:3585: checking whether to enable maintainer-specific portions of Makefiles
configure:3596: result: no
configure:3657: checking how to print strings
configure:3684: result: printf
configure:3718: checking whether make supports the include directive
configure:3733: make -f confmf.GNU && cat confinc.out
this is the am__doit target
configure:3736: $? = 0
configure:3755: result: yes (GNU style)
configure:3832: checking for gcc
configure:3853: found /usr/bin/gcc
configure:3865: result: gcc
configure:4224: checking for C compiler version
configure:4233: gcc --version >&5
gcc (GCC) 4.8.5 20150623 (Red Hat 4.8.5-44)
Copyright (C) 2015 Free Software Foundation, Inc.
This is free software; see the source for copying conditions.  There is NO
warranty; not even for MERCHANTABILITY or FITNESS FOR A PARTICULAR PURPOSE.

configure:4244: $? = 0
configure:4233: gcc -v >&5
Using built-in specs.
COLLECT_GCC=gcc
COLLECT_LTO_WRAPPER=/usr/libexec/gcc/x86_64-redhat-linux/4.8.5/lto-wrapper
Target: x86_64-redhat-linux
Configured with: ../configure --prefix=/usr --mandir=/usr/share/man --infodir=/usr/share/info --with-bugurl=http://bugzilla.redhat.com/bugzilla --enable-bootstrap --enable-shared --enable-threads=posix --enable-checking=release --with-system-zlib --enable-__cxa_atexit --disable-libunwind-exceptions --enable-gnu-unique-object --enable-linker-build-id --with-linker-hash-style=gnu --enable-languages=c,c++,objc,obj-c++,java,fortran,ada,go,lto --enable-plugin --enable-initfini-array --disable-libgcj --with-isl=/builddir/build/BUILD/gcc-4.8.5-20150702/obj-x86_64-redhat-linux/isl-install --with-cloog=/builddir/build/BUILD/gcc-4.8.5-20150702/obj-x86_64-redhat-linux/cloog-install --enable-gnu-indirect-function --with-tune=generic --with-arch_32=x86-64 --build=x86_64-redhat-linux
Thread model: posix
gcc version 4.8.5 20150623 (Red Hat 4.8.5-44) (GCC) 
configure:4244: $? = 0
configure:4233: gcc -V >&5
gcc: error: unrecognized command line option '-V'
gcc: fatal error: no input files
compilation terminated.
configure:4244: $? = 4
configure:4233: gcc -qversion >&5
gcc: error: unrecognized command line option '-qversion'
gcc: fatal error: no input files
compilation terminated.
configure:4244: $? = 4
configure:4233: gcc -version >&5
gcc: error: unrecognized command line option '-version'
gcc: fatal error: no input files
compilation terminated.
configure:4244: $? = 4
configure:4264: checking whether the C compiler works
configure:4286: gcc    conftest.c  >&5
configure:4290: $? = 0
configure:4341: result: yes
configure:4345: checking for C compiler default output file name
configure:4347: result: a.out
configure:4353: checking for suffix of executables
configure:4360: gcc -o conftest    conftest.c  >&5
configure:4364: $? = 0
configure:4388: result: 
configure:4412: checking whether we are cross compiling
configure:4420: gcc -o conftest    conftest.c  >&5
configure:4424: $? = 0
configure:4431: ./conftest
configure:4435: $? = 0
configure:4450: result: no
configure:4456: checking for suffix of object files
configure:4479: gcc -c   conftest.c >&5
configure:4483: $? = 0
configure:4507: result: o
configure:4511: checking whether the compiler supports GNU C
configure:4531: gcc -c   conftest.c >&5
configure:4531: $? = 0
configure:4543: result: yes
configure:4554: checking whether gcc accepts -g
configure:4575: gcc -c -g  conftest.c >&5
configure:4575: $? = 0
configure:4622: result: yes
configure:4642: checking for gcc option to enable C11 features
configure:4657: gcc  -c -g -O2  conftest.c >&5
conftest.c:76:3: error: #error "Compiler does not advertise C99 conformance"
 # error "Compiler does not advertise C99 conformance"
   ^
conftest.c:134:29: error: expected ';', ',' or ')' before 'text'
 test_restrict (ccp restrict text)
                             ^
conftest.c:182:3: error: #error "Compiler does not advertise C11 conformance"
 # error "Compiler does not advertise C11 conformance"
   ^
conftest.c:213:12: error: 'syntax' undeclared here (not in a function)
 #define u8 syntax error!
            ^
conftest.c:214:29: note: in expansion of macro 'u8'
 char const utf8_literal[] = u8"happens to be ASCII" "another string";
                             ^
conftest.c:213:19: error: expected ',' or ';' before 'error'
 #define u8 syntax error!
                   ^
conftest.c:214:29: note: in expansion of macro 'u8'
 char const utf8_literal[] = u8"happens to be ASCII" "another string";
                             ^
conftest.c: In function 'main':
conftest.c:247:18: error: expected '=', ',', ';', 'asm' or '__attribute__' before 'newvar'
   char *restrict newvar = "Another string";
                  ^
conftest.c:247:18: error: 'newvar' undeclared (first use in this function)
conftest.c:247:18: note: each undeclared identifier is reported only once for each function it appears in
conftest.c:257:3: error: 'for' loop initial declarations are only allowed in C99 mode
   for (int i = 0; i < ia->datasize; ++i)
   ^
conftest.c:257:3: note: use option -std=c99 or -std=gnu99 to compile your code
configure:4657: $? = 1
configure: failed program was:
| /* confdefs.h */
| #define PACKAGE_NAME "cfitsio"
| #define PACKAGE_TARNAME "cfitsio"
| #define PACKAGE_VERSION "4.6.3"
| #define PACKAGE_STRING "cfitsio 4.6.3"
| #define PACKAGE_BUGREPORT ""
| #define PACKAGE_URL ""
| #define PACKAGE "cfitsio"
| #define VERSION "4.6.3"
| /* end confdefs.h.  */
| 
| /* Does the compiler advertise C89 conformance?
|    Do not test the value of __STDC__, because some compilers set it to 0
|    while being otherwise adequately conformant. */
| #if !defined __STDC__
| # error "Compiler does not advertise C89 conformance"
| #endif
| 
| #include <stddef.h>
| #include <stdarg.h>
| struct stat;
| /* Most of the following tests are stolen from RCS 5.7 src/conf.sh.  */
| struct buf { int x; };
| struct buf * (*rcsopen) (struct buf *, struct stat *, int);
| static char *e (char **p, int i)
| {
|   return p[i];
| }
| static char *f (char * (*g) (char **, int), char **p, ...)
| {
|   char *s;
|   va_list v;
|   va_start (v,p);
|   s = g (p, va_arg (v,int));
|   va_end (v);
|   return s;
| }
| 
| /* C89 style stringification. */
| #define noexpand_stringify(a) #a
| const char *stringified = noexpand_stringify(arbitrary+token=sequence);
| 
| /* C89 style token pasting.  Exercises some of the corner cases that
|    e.g. old MSVC gets wrong, but not very hard. */
| #define noexpand_concat(a,b) a##b
| #define expand_concat(a,b) noexpand_concat(a,b)
| extern int vA;
| extern int vbee;
| #define aye A
| #define bee B
| int *pvA = &expand_concat(v,aye);
| int *pvbee = &noexpand_concat(v,bee);
| 
| /* OSF 4.0 Compaq cc is some sort of almost-ANSI by default.  It has
|    function prototypes and stuff, but not \xHH hex character constants.
|    These do not provoke an error unfortunately, instead are silently treated
|    as an "x".  The following induces an error, until -std is added to get
|    proper ANSI mode.  Curiously \x00 != x always comes out true, for an
|    array size at least.  It is necessary to write \x00 == 0 to get something
|    that is true only with -std.  */
| int osf4_cc_array ['\x00' == 0 ? 1 : -1];
| 
| /* IBM C 6 for AIX is almost-ANSI by default, but it replaces macro parameters
|    inside strings and character constants.  */
| #define FOO(x) 'x'
| int xlc6_cc_array[FOO(a) == 'x' ? 1 : -1];
| 
| int test (int i, double x);
| struct s1 {int (*f) (int a);};
| struct s2 {int (*f) (double a);};
| int pairnames (int, char **, int *(*)(struct buf *, struct stat *, int),
|                int, int);
| 
| /* Does the compiler advertise C99 conformance? */
| #if !defined __STDC_VERSION__ || __STDC_VERSION__ < 199901L
| # error "Compiler does not advertise C99 conformance"
| #endif
| 
| // See if C++-style comments work.
| 
| #include <stdbool.h>
| extern int puts (const char *);
| extern int printf (const char *, ...);
| extern int dprintf (int, const char *, ...);
| extern void *malloc (size_t);
| extern void free (void *);
| 
| // Check varargs macros.  These examples are taken from C99 6.10.3.5.
| // dprintf is used instead of fprintf to avoid needing to declare
| // FILE and stderr.
| #define debug(...) dprintf (2, __VA_ARGS__)
| #define showlist(...) puts (#__VA_ARGS__)
| #define report(test,...) ((test) ? puts (#test) : printf (__VA_ARGS__))
| static void
| test_varargs_macros (void)
| {
|   int x = 1234;
|   int y = 5678;
|   debug ("Flag");
|   debug ("X = %d\n", x);
|   showlist (The first, second, and third items.);
|   report (x>y, "x is %d but y is %d", x, y);
| }
| 
| // Check long long types.
| #define BIG64 18446744073709551615ull
| #define BIG32 4294967295ul
| #define BIG_OK (BIG64 / BIG32 == 4294967297ull && BIG64 % BIG32 == 0)
| #if !BIG_OK
|   #error "your preprocessor is broken"
| #endif
| #if BIG_OK
| #else
|   #error "your preprocessor is broken"
| #endif
| static long long int bignum = -9223372036854775807LL;
| static unsigned long long int ubignum = BIG64;
| 
| struct incomplete_array
| {
|   int datasize;
|   double data[];
| };
| 
| struct named_init {
|   int number;
|   const wchar_t *name;
|   double average;
| };
| 
| typedef const char *ccp;
| 
| static inline int
| test_restrict (ccp restrict text)
| {
|   // Iterate through items via the restricted pointer.
|   // Also check for declarations in for loops.
|   for (unsigned int i = 0; *(text+i) != '\0'; ++i)
|     continue;
|   return 0;
| }
| 
| // Check varargs and va_copy.
| static bool
| test_varargs (const char *format, ...)
| {
|   va_list args;
|   va_start (args, format);
|   va_list args_copy;
|   va_copy (args_copy, args);
| 
|   const char *str = "";
|   int number = 0;
|   float fnumber = 0;
| 
|   while (*format)
|     {
|       switch (*format++)
| 	{
| 	case 's': // string
| 	  str = va_arg (args_copy, const char *);
| 	  break;
| 	case 'd': // int
| 	  number = va_arg (args_copy, int);
| 	  break;
| 	case 'f': // float
| 	  fnumber = va_arg (args_copy, double);
| 	  break;
| 	default:
| 	  break;
| 	}
|     }
|   va_end (args_copy);
|   va_end (args);
| 
|   return *str && number && fnumber;
| }
| 
| 
| /* Does the compiler advertise C11 conformance? */
| #if !defined __STDC_VERSION__ || __STDC_VERSION__ < 201112L
| # error "Compiler does not advertise C11 conformance"
| #endif
| 
| // Check _Alignas.
| char _Alignas (double) aligned_as_double;
| char _Alignas (0) no_special_alignment;
| extern char aligned_as_int;
| char _Alignas (0) _Alignas (int) aligned_as_int;
| 
| // Check _Alignof.
| enum
| {
|   int_alignment = _Alignof (int),
|   int_array_alignment = _Alignof (int[100]),
|   char_alignment = _Alignof (char)
| };
| _Static_assert (0 < -_Alignof (int), "_Alignof is signed");
| 
| // Check _Noreturn.
| int _Noreturn does_not_return (void) { for (;;) continue; }
| 
| // Check _Static_assert.
| struct test_static_assert
| {
|   int x;
|   _Static_assert (sizeof (int) <= sizeof (long int),
|                   "_Static_assert does not work in struct");
|   long int y;
| };
| 
| // Check UTF-8 literals.
| #define u8 syntax error!
| char const utf8_literal[] = u8"happens to be ASCII" "another string";
| 
| // Check duplicate typedefs.
| typedef long *long_ptr;
| typedef long int *long_ptr;
| typedef long_ptr long_ptr;
| 
| // Anonymous structures and unions -- taken from C11 6.7.2.1 Example 1.
| struct anonymous
| {
|   union {
|     struct { int i; int j; };
|     struct { int k; long int l; } w;
|   };
|   int m;
| } v1;
| 
| 
| int
| main (int argc, char **argv)
| {
|   int ok = 0;
|   
| ok |= (argc == 0 || f (e, argv, 0) != argv[0] || f (e, argv, 1) != argv[1]);
| 
|   
|   // Check bool.
|   _Bool success = false;
|   success |= (argc != 0);
| 
|   // Check restrict.
|   if (test_restrict ("String literal") == 0)
|     success = true;
|   char *restrict newvar = "Another string";
| 
|   // Check varargs.
|   success &= test_varargs ("s, d' f .", "string", 65, 34.234);
|   test_varargs_macros ();
| 
|   // Check flexible array members.
|   struct incomplete_array *ia =
|     malloc (sizeof (struct incomplete_array) + (sizeof (double) * 10));
|   ia->datasize = 10;
|   for (int i = 0; i < ia->datasize; ++i)
|     ia->data[i] = i * 1.234;
|   // Work around memory leak warnings.
|   free (ia);
| 
|   // Check named initializers.
|   struct named_init ni = {
|     .number = 34,
|     .name = L"Test wide string",
|     .average = 543.34343,
|   };
| 
|   ni.number = 58;
| 
|   int dynamic_array[ni.number];
|   dynamic_array[0] = argv[0][0];
|   dynamic_array[ni.number - 1] = 543;
| 
|   // work around unused variable warnings
|   ok |= (!success || bignum == 0LL || ubignum == 0uLL || newvar[0] == 'x'
| 	 || dynamic_array[ni.number - 1] != 543);
| 
|   
|   _Static_assert ((offsetof (struct anonymous, i)
| 		   == offsetof (struct anonymous, w.k)),
| 		  "Anonymous union alignment botch");
|   v1.i = 2;
|   v1.w.k = 5;
|   ok |= v1.i != 5;
| 
|   return ok;
| }
| 
configure:4657: gcc -std=gnu11 -c -g -O2  conftest.c >&5
configure:4657: $? = 0
configure:4679: result: -std=gnu11
configure:4800: checking whether gcc -std=gnu11 understands -c and -o together
configure:4823: gcc -std=gnu11 -c conftest.c -o conftest2.o
configure:4826: $? = 0
configure:4823: gcc -std=gnu11 -c conftest.c -o conftest2.o
configure:4826: $? = 0
configure:4839: result: yes
configure:4858: checking dependency style of gcc -std=gnu11
configure:4971: result: gcc3
configure:4986: checking for a sed that does not truncate output
configure:5058: result: /usr/bin/sed
configure:5076: checking for grep that handles long lines and -e
configure:5142: result: /usr/bin/grep
configure:5147: checking for egrep
configure:5217: result: /usr/bin/grep -E
configure:5224: checking for fgrep
configure:5294: result: /usr/bin/grep -F
configure:5331: checking for ld used by gcc -std=gnu11
configure:5400: result: /usr/bin/ld
configure:5407: checking if the linker (/usr/bin/ld) is GNU ld
configure:5424: result: yes
configure:5436: checking for BSD- or MS-compatible name lister (nm)
configure:5492: result: /usr/bin/nm -B
configure:5634: checking the name lister (/usr/bin/nm -B) interface
configure:5642: gcc -std=gnu11 -c -g -O2  conftest.c >&5
configure:5645: /usr/bin/nm -B "conftest.o"
configure:5648: output
0000000000000000 B some_variable
configure:5656: result: BSD nm
configure:5659: checking whether ln -s works
configure:5663: result: yes
configure:5671: checking the maximum length of command line arguments
configure:5804: result: 3458764513820540925
configure:5852: checking how to convert x86_64-pc-linux-gnu file names to x86_64-pc-linux-gnu format
configure:5894: result: func_convert_file_noop
configure:5901: checking how to convert x86_64-pc-linux-gnu file names to toolchain format
configure:5923: result: func_convert_file_noop
configure:5930: checking for /usr/bin/ld option to reload object files
configure:5939: result: -r
configure:5972: checking for file
configure:5993: found /usr/bin/file
configure:6006: result: file
configure:6069: checking for objdump
configure:6090: found /usr/bin/objdump
configure:6102: result: objdump
configure:6134: checking how to recognize dependent libraries
configure:6343: result: pass_all
configure:6434: checking for dlltool
configure:6470: result: no
configure:6500: checking how to associate runtime and link libraries
configure:6529: result: printf %s\n
configure:6590: checking for ranlib
configure:6611: found /usr/bin/ranlib
configure:6623: result: ranlib
configure:6700: checking for ar
configure:6721: found /usr/bin/ar
configure:6733: result: ar
configure:6786: checking for archiver @FILE support
configure:6804: gcc -std=gnu11 -c -g -O2  conftest.c >&5
configure:6804: $? = 0
configure:6808: ar cr libconftest.a @conftest.lst >&5
configure:6811: $? = 0
configure:6816: ar cr libconftest.a @conftest.lst >&5
ar: conftest.o: No such file or directory
configure:6819: $? = 1
configure:6832: result: @
configure:6896: checking for strip
configure:6917: found /usr/bin/strip
configure:6929: result: strip
configure:7032: checking command to parse /usr/bin/nm -B output from gcc -std=gnu11 object
configure:7186: gcc -std=gnu11 -c -g -O2  conftest.c >&5
configure:7189: $? = 0
configure:7193: /usr/bin/nm -B conftest.o | /usr/bin/sed -n -e 's/^.*[	 ]\([ABCDGIRSTW][ABCDGIRSTW]*\)[	 ][	 ]*\([_A-Za-z][_A-Za-z0-9]*\)$/\1 \2 \2/p' | /usr/bin/sed '/ __gnu_lto/d' > conftest.nm
configure:7259: gcc -std=gnu11 -o conftest -g -O2   conftest.c conftstm.o >&5
configure:7262: $? = 0
configure:7301: result: ok
configure:7348: checking for sysroot
configure:7382: result: no
configure:7389: checking for a working dd
configure:7434: result: /usr/bin/dd
configure:7438: checking how to truncate binary pipes
configure:7455: result: /usr/bin/dd bs=4096 count=1
configure:7592: gcc -std=gnu11 -c -g -O2  conftest.c >&5
configure:7595: $? = 0
configure:7795: checking for mt
configure:7831: result: no
configure:7851: checking if : is a manifest tool
configure:7858: : '-?'
configure:7867: result: no
configure:8664: checking for stdio.h
configure:8664: gcc -std=gnu11 -c -g -O2  conftest.c >&5
configure:8664: $? = 0
configure:8664: result: yes
configure:8664: checking for stdlib.h
configure:8664: gcc -std=gnu11 -c -g -O2  conftest.c >&5
configure:8664: $? = 0
configure:8664: result: yes
configure:8664: checking for string.h
configure:8664: gcc -std=gnu11 -c -g -O2  conftest.c >&5
configure:8664: $? = 0
configure:8664: result: yes
configure:8664: checking for inttypes.h
configure:8664: gcc -std=gnu11 -c -g -O2  conftest.c >&5
configure:8664: $? = 0
configure:8664: result: yes
configure:8664: checking for stdint.h
configure:8664: gcc -std=gnu11 -c -g -O2  conftest.c >&5
configure:8664: $? = 0
configure:8664: result: yes
configure:8664: checking for strings.h
configure:8664: gcc -std=gnu11 -c -g -O2  conftest.c >&5
configure:8664: $? = 0
configure:8664: result: yes
configure:8664: checking for sys/stat.h
configure:8664: gcc -std=gnu11 -c -g -O2  conftest.c >&5
configure:8664: $? = 0
configure:8664: result: yes
configure:8664: checking for sys/types.h
configure:8664: gcc -std=gnu11 -c -g -O2  conftest.c >&5
configure:8664: $? = 0
configure:8664: result: yes
configure:8664: checking for unistd.h
configure:8664: gcc -std=gnu11 -c -g -O2  conftest.c >&5
configure:8664: $? = 0
configure:8664: result: yes
configure:8689: checking for dlfcn.h
configure:8689: gcc -std=gnu11 -c -g -O2  conftest.c >&5
configure:8689: $? = 0
configure:8689: result: yes
configure:8992: checking for objdir
configure:9009: result: .libs
configure:9275: checking if gcc -std=gnu11 supports -fno-rtti -fno-exceptions
configure:9294: gcc -std=gnu11 -c -g -O2  -fno-rtti -fno-exceptions conftest.c >&5
cc1: warning: command line option '-fno-rtti' is valid for C++/ObjC++ but not for C [enabled by default]
configure:9298: $? = 0
configure:9312: result: no
configure:9685: checking for gcc -std=gnu11 option to produce PIC
configure:9694: result: -fPIC -DPIC
configure:9702: checking if gcc -std=gnu11 PIC flag -fPIC -DPIC works
configure:9721: gcc -std=gnu11 -c -g -O2  -fPIC -DPIC -DPIC conftest.c >&5
configure:9725: $? = 0
configure:9739: result: yes
configure:9768: checking if gcc -std=gnu11 static flag -static works
configure:9798: result: no
configure:9813: checking if gcc -std=gnu11 supports -c -o file.o
configure:9835: gcc -std=gnu11 -c -g -O2  -o out/conftest2.o conftest.c >&5
configure:9839: $? = 0
configure:9862: result: yes
configure:9870: checking if gcc -std=gnu11 supports -c -o file.o
configure:9919: result: yes
configure:9952: checking whether the gcc -std=gnu11 linker (/usr/bin/ld -m elf_x86_64) supports shared libraries
configure:11236: result: yes
configure:11273: checking whether -lc should be explicitly linked in
configure:11282: gcc -std=gnu11 -c -g -O2  conftest.c >&5
configure:11285: $? = 0
configure:11300: gcc -std=gnu11 -shared  -fPIC -DPIC conftest.o  -v -Wl,-soname -Wl,conftest -o conftest 2\>\&1 \| /usr/bin/grep  -lc  \>/dev/null 2\>\&1
configure:11303: $? = 0
configure:11318: result: no
configure:11478: checking dynamic linker characteristics
configure:12097: gcc -std=gnu11 -o conftest -g -O2   -Wl,-rpath -Wl,/foo conftest.c  >&5
configure:12097: $? = 0
configure:12862: result: GNU/Linux ld.so
configure:12984: checking how to hardcode library paths into programs
configure:13009: result: immediate
configure:13609: checking whether stripping libraries is possible
configure:13618: result: yes
configure:13660: checking if libtool supports shared libraries
configure:13662: result: yes
configure:13665: checking whether to build shared libraries
configure:13690: result: yes
configure:13693: checking whether to build static libraries
configure:13697: result: yes
configure:13737: checking whether ln -s works
configure:13741: result: yes
configure:14492: checking for gcc
configure:14525: result: gcc
configure:14884: checking for C compiler version
configure:14893: gcc --version >&5
gcc (GCC) 4.8.5 20150623 (Red Hat 4.8.5-44)
Copyright (C) 2015 Free Software Foundation, Inc.
This is free software; see the source for copying conditions.  There is NO
warranty; not even for MERCHANTABILITY or FITNESS FOR A PARTICULAR PURPOSE.

configure:14904: $? = 0
configure:14893: gcc -v >&5
Using built-in specs.
COLLECT_GCC=gcc
COLLECT_LTO_WRAPPER=/usr/libexec/gcc/x86_64-redhat-linux/4.8.5/lto-wrapper
Target: x86_64-redhat-linux
Configured with: ../configure --prefix=/usr --mandir=/usr/share/man --infodir=/usr/share/info --with-bugurl=http://bugzilla.redhat.com/bugzilla --enable-bootstrap --enable-shared --enable-threads=posix --enable-checking=release --with-system-zlib --enable-__cxa_atexit --disable-libunwind-exceptions --enable-gnu-unique-object --enable-linker-build-id --with-linker-hash-style=gnu --enable-languages=c,c++,objc,obj-c++,java,fortran,ada,go,lto --enable-plugin --enable-initfini-array --disable-libgcj --with-isl=/builddir/build/BUILD/gcc-4.8.5-20150702/obj-x86_64-redhat-linux/isl-install --with-cloog=/builddir/build/BUILD/gcc-4.8.5-20150702/obj-x86_64-redhat-linux/cloog-install --enable-gnu-indirect-function --with-tune=generic --with-arch_32=x86-64 --build=x86_64-redhat-linux
Thread model: posix
gcc version 4.8.5 20150623 (Red Hat 4.8.5-44) (GCC) 
configure:14904: $? = 0
configure:14893: gcc -V >&5
gcc: error: unrecognized command line option '-V'
gcc: fatal error: no input files
compilation terminated.
configure:14904: $? = 4
configure:14893: gcc -qversion >&5
gcc: error: unrecognized command line option '-qversion'
gcc: fatal error: no input files
compilation terminated.
configure:14904: $? = 4
configure:14893: gcc -version >&5
gcc: error: unrecognized command line option '-version'
gcc: fatal error: no input files
compilation terminated.
configure:14904: $? = 4
configure:14908: checking whether the compiler supports GNU C
configure:14940: result: yes
configure:14951: checking whether gcc accepts -g
configure:15019: result: yes
configure:15039: checking for gcc option to enable C11 features
configure:15076: result: -std=gnu11
configure:15197: checking whether gcc -std=gnu11 understands -c and -o together
configure:15236: result: yes
configure:15255: checking dependency style of gcc -std=gnu11
configure:15368: result: gcc3
configure:15635: cfitsio: == Adding Fortran wrappers
configure:15698: checking for g77
configure:15734: result: no
configure:15698: checking for xlf
configure:15734: result: no
configure:15698: checking for f77
configure:15734: result: no
configure:15698: checking for frt
configure:15734: result: no
configure:15698: checking for pgf77
configure:15734: result: no
configure:15698: checking for cf77
configure:15734: result: no
configure:15698: checking for fort77
configure:15734: result: no
configure:15698: checking for fl32
configure:15734: result: no
configure:15698: checking for af77
configure:15734: result: no
configure:15698: checking for xlf90
configure:15734: result: no
configure:15698: checking for f90
configure:15734: result: no
configure:15698: checking for pgf90
configure:15734: result: no
configure:15698: checking for pghpf
configure:15734: result: no
configure:15698: checking for epcf90
configure:15734: result: no
configure:15698: checking for gfortran
configure:15719: found /usr/bin/gfortran
configure:15731: result: gfortran
configure:15757: checking for Fortran 77 compiler version
configure:15766: gfortran --version >&5
GNU Fortran (GCC) 4.8.5 20150623 (Red Hat 4.8.5-44)
Copyright (C) 2015 Free Software Foundation, Inc.

GNU Fortran comes with NO WARRANTY, to the extent permitted by law.
You may redistribute copies of GNU Fortran
under the terms of the GNU General Public License.
For more information about these matters, see the file named COPYING

configure:15777: $? = 0
configure:15766: gfortran -v >&5
Using built-in specs.
COLLECT_GCC=gfortran
COLLECT_LTO_WRAPPER=/usr/libexec/gcc/x86_64-redhat-linux/4.8.5/lto-wrapper
Target: x86_64-redhat-linux
Configured with: ../configure --prefix=/usr --mandir=/usr/share/man --infodir=/usr/share/info --with-bugurl=http://bugzilla.redhat.com/bugzilla --enable-bootstrap --enable-shared --enable-threads=posix --enable-checking=release --with-system-zlib --enable-__cxa_atexit --disable-libunwind-exceptions --enable-gnu-unique-object --enable-linker-build-id --with-linker-hash-style=gnu --enable-languages=c,c++,objc,obj-c++,java,fortran,ada,go,lto --enable-plugin --enable-initfini-array --disable-libgcj --with-isl=/builddir/build/BUILD/gcc-4.8.5-20150702/obj-x86_64-redhat-linux/isl-install --with-cloog=/builddir/build/BUILD/gcc-4.8.5-20150702/obj-x86_64-redhat-linux/cloog-install --enable-gnu-indirect-function --with-tune=generic --with-arch_32=x86-64 --build=x86_64-redhat-linux
Thread model: posix
gcc version 4.8.5 20150623 (Red Hat 4.8.5-44) (GCC) 
configure:15777: $? = 0
configure:15766: gfortran -V >&5
gfortran: error: unrecognized command line option '-V'
gfortran: fatal error: no input files
compilation terminated.
configure:15777: $? = 4
configure:15766: gfortran -qversion >&5
gfortran: error: unrecognized command line option '-qversion'
gfortran: fatal error: no input files
compilation terminated.
configure:15777: $? = 4
configure:15786: checking whether the compiler supports GNU Fortran 77
configure:15800: gfortran -c  conftest.F >&5
configure:15800: $? = 0
configure:15812: result: yes
configure:15820: checking whether gfortran accepts -g
configure:15832: gfortran -c -g conftest.f >&5
configure:15832: $? = 0
configure:15843: result: yes
configure:15972: checking if libtool supports shared libraries
configure:15974: result: yes
configure:15977: checking whether to build shared libraries
configure:16001: result: yes
configure:16004: checking whether to build static libraries
configure:16008: result: yes
configure:16375: checking for gfortran option to produce PIC
configure:16384: result: -fPIC
configure:16392: checking if gfortran PIC flag -fPIC works
configure:16411: gfortran -c -g -O2 -fPIC conftest.f >&5
configure:16415: $? = 0
configure:16429: result: yes
configure:16452: checking if gfortran static flag -static works
configure:16482: result: no
configure:16494: checking if gfortran supports -c -o file.o
configure:16516: gfortran -c -g -O2 -o out/conftest2.o conftest.f >&5
configure:16520: $? = 0
configure:16543: result: yes
configure:16548: checking if gfortran supports -c -o file.o
configure:16597: result: yes
configure:16627: checking whether the gfortran linker (/usr/bin/ld -m elf_x86_64) supports shared libraries
configure:17859: result: yes
configure:18002: checking dynamic linker characteristics
configure:19306: result: GNU/Linux ld.so
configure:19371: checking how to hardcode library paths into programs
configure:19396: result: immediate
configure:19446: cfitsio: == Adding wrapper support for GNU Fortran
configure:19466: checking for ar
configure:19500: result: ar
configure:19517: checking for stdlib.h
configure:19517: result: yes
configure:19517: checking for string.h
configure:19517: result: yes
configure:19517: checking for math.h
configure:19517: gcc -std=gnu11 -c -g -O2  conftest.c >&5
configure:19517: $? = 0
configure:19517: result: yes
configure:19517: checking for limits.h
configure:19517: gcc -std=gnu11 -c -g -O2  conftest.c >&5
configure:19517: $? = 0
configure:19517: result: yes
configure:19541: gcc -std=gnu11 -c -g -O2  conftest.c >&5
configure:19541: $? = 0
configure:19798: checking for curl-config
configure:19821: found /usr/bin/curl-config
configure:19834: result: /usr/bin/curl-config
configure:19877: checking for inflateEnd in -lz
configure:19906: gcc -std=gnu11 -o conftest -g -O2 -Dg77Fortran   conftest.c -lz   >&5
configure:19906: $? = 0
configure:19918: result: yes
configure:19948: checking whether ftruncate works
configure:19964: gcc -std=gnu11 -o conftest -g -O2 -Dg77Fortran   conftest.c -lz  >&5
configure:19964: $? = 0
configure:19969: result: yes
configure:19984: checking whether long long is defined
configure:20000: gcc -std=gnu11 -c -g -O2 -Dg77Fortran  conftest.c >&5
configure:20000: $? = 0
configure:20005: result: yes
configure:20027: checking whether system V style IPC services are supported
configure:20048: gcc -std=gnu11 -o conftest -g -O2 -Dg77Fortran   conftest.c -lz  >&5
configure:20048: $? = 0
configure:20054: result: yes
configure:20071: checking whether flock_t is defined in sys/fcntl.h
configure:20087: gcc -std=gnu11 -c -g -O2 -Dg77Fortran  conftest.c >&5
conftest.c: In function 'main':
conftest.c:40:1: error: unknown type name 'flock_t'
 flock_t filler;
 ^
configure:20087: $? = 1
configure: failed program was:
| /* confdefs.h */
| #define PACKAGE_NAME "cfitsio"
| #define PACKAGE_TARNAME "cfitsio"
| #define PACKAGE_VERSION "4.6.3"
| #define PACKAGE_STRING "cfitsio 4.6.3"
| #define PACKAGE_BUGREPORT ""
| #define PACKAGE_URL ""
| #define PACKAGE "cfitsio"
| #define VERSION "4.6.3"
| #define HAVE_STDIO_H 1
| #define HAVE_STDLIB_H 1
| #define HAVE_STRING_H 1
| #define HAVE_INTTYPES_H 1
| #define HAVE_STDINT_H 1
| #define HAVE_STRINGS_H 1
| #define HAVE_SYS_STAT_H 1
| #define HAVE_SYS_TYPES_H 1
| #define HAVE_UNISTD_H 1
| #define STDC_HEADERS 1
| #define HAVE_DLFCN_H 1
| #define LT_OBJDIR ".libs/"
| #define HAVE_STDLIB_H 1
| #define HAVE_STRING_H 1
| #define HAVE_MATH_H 1
| #define HAVE_LIMITS_H 1
| #define _LARGEFILE_SOURCE 1
| #define _FILE_OFFSET_BITS 64
| #define CFITSIO_HAVE_CURL 1
| #define HAVE_LIBZ 1
| #define HAVE_FTRUNCATE 1
| #define HAVE_LONGLONG 1
| #define HAVE_SHMEM_SERVICES 1
| /* end confdefs.h.  */
| #include <sys/fcntl.h>
| 
| int
| main (void)
| {
| 
| flock_t filler;
| 
|   ;
|   return 0;
| }
configure:20096: result: no
configure:20103: checking whether flock_t is defined in sys/flock.h
configure:20119: gcc -std=gnu11 -c -g -O2 -Dg77Fortran  conftest.c >&5
conftest.c:34:23: fatal error: sys/flock.h: No such file or directory
 #include <sys/flock.h>
                       ^
compilation terminated.
configure:20119: $? = 1
configure: failed program was:
| /* confdefs.h */
| #define PACKAGE_NAME "cfitsio"
| #define PACKAGE_TARNAME "cfitsio"
| #define PACKAGE_VERSION "4.6.3"
| #define PACKAGE_STRING "cfitsio 4.6.3"
| #define PACKAGE_BUGREPORT ""
| #define PACKAGE_URL ""
| #define PACKAGE "cfitsio"
| #define VERSION "4.6.3"
| #define HAVE_STDIO_H 1
| #define HAVE_STDLIB_H 1
| #define HAVE_STRING_H 1
| #define HAVE_INTTYPES_H 1
| #define HAVE_STDINT_H 1
| #define HAVE_STRINGS_H 1
| #define HAVE_SYS_STAT_H 1
| #define HAVE_SYS_TYPES_H 1
| #define HAVE_UNISTD_H 1
| #define STDC_HEADERS 1
| #define HAVE_DLFCN_H 1
| #define LT_OBJDIR ".libs/"
| #define HAVE_STDLIB_H 1
| #define HAVE_STRING_H 1
| #define HAVE_MATH_H 1
| #define HAVE_LIMITS_H 1
| #define _LARGEFILE_SOURCE 1
| #define _FILE_OFFSET_BITS 64
| #define CFITSIO_HAVE_CURL 1
| #define HAVE_LIBZ 1
| #define HAVE_FTRUNCATE 1
| #define HAVE_LONGLONG 1
| #define HAVE_SHMEM_SERVICES 1
| /* end confdefs.h.  */
| #include <sys/flock.h>
| 
| int
| main (void)
| {
| 
|    flock_t filler;
| 
|   ;
|   return 0;
| }
configure:20128: result: no
configure:20201: checking whether union semun is defined
configure:20219: gcc -std=gnu11 -c -g -O2 -Dg77Fortran  conftest.c >&5
conftest.c: In function 'main':
conftest.c:42:13: error: storage size of 'filler' isn't known
 union semun filler;
             ^
configure:20219: $? = 1
configure: failed program was:
| /* confdefs.h */
| #define PACKAGE_NAME "cfitsio"
| #define PACKAGE_TARNAME "cfitsio"
| #define PACKAGE_VERSION "4.6.3"
| #define PACKAGE_STRING "cfitsio 4.6.3"
| #define PACKAGE_BUGREPORT ""
| #define PACKAGE_URL ""
| #define PACKAGE "cfitsio"
| #define VERSION "4.6.3"
| #define HAVE_STDIO_H 1
| #define HAVE_STDLIB_H 1
| #define HAVE_STRING_H 1
| #define HAVE_INTTYPES_H 1
| #define HAVE_STDINT_H 1
| #define HAVE_STRINGS_H 1
| #define HAVE_SYS_STAT_H 1
| #define HAVE_SYS_TYPES_H 1
| #define HAVE_UNISTD_H 1
| #define STDC_HEADERS 1
| #define HAVE_DLFCN_H 1
| #define LT_OBJDIR ".libs/"
| #define HAVE_STDLIB_H 1
| #define HAVE_STRING_H 1
| #define HAVE_MATH_H 1
| #define HAVE_LIMITS_H 1
| #define _LARGEFILE_SOURCE 1
| #define _FILE_OFFSET_BITS 64
| #define CFITSIO_HAVE_CURL 1
| #define HAVE_LIBZ 1
| #define HAVE_FTRUNCATE 1
| #define HAVE_LONGLONG 1
| #define HAVE_SHMEM_SERVICES 1
| /* end confdefs.h.  */
| #include <sys/ipc.h>
| #include <sys/shm.h>
| #include <sys/sem.h>
| 
| int
| main (void)
| {
| 
| union semun filler;
| 
|   ;
|   return 0;
| }
configure:20228: result: no
configure:20238: checking for fmemopen
configure:20238: gcc -std=gnu11 -o conftest -g -O2 -Dg77Fortran   conftest.c -lz  >&5
configure:20238: $? = 0
configure:20238: result: yes
configure:20253: checking for library containing gethostbyname
configure:20289: gcc -std=gnu11 -o conftest -g -O2 -Dg77Fortran   conftest.c -lz  >&5
configure:20289: $? = 0
configure:20311: result: none required
configure:20323: checking for library containing connect
configure:20359: gcc -std=gnu11 -o conftest -g -O2 -Dg77Fortran   conftest.c -lz  >&5
configure:20359: $? = 0
configure:20381: result: none required
configure:20546: checking that generated files are newer than configure
configure:20552: result: done
configure:20607: creating ./config.status

## ---------------------- ##
## Running config.status. ##
## ---------------------- ##

This file was extended by cfitsio config.status 4.6.3, which was
generated by GNU Autoconf 2.72.  Invocation command line was

  CONFIG_FILES    = 
  CONFIG_HEADERS  = 
  CONFIG_LINKS    = 
  CONFIG_COMMANDS = 
  $ ./config.status 

on ibcln01

config.status:1083: creating Makefile
config.status:1255: executing depfiles commands
config.status:1332: cd .       && sed -e '/# am--include-marker/d' Makefile         | make -f - am--depfiles
config.status:1337: $? = 0
config.status:1255: executing libtool commands
configure:22930: checking that generated files are newer than configure
configure:22936: result: done
configure:22995: creating ./config.status

## ---------------------- ##
## Running config.status. ##
## ---------------------- ##

This file was extended by cfitsio config.status 4.6.3, which was
generated by GNU Autoconf 2.72.  Invocation command line was

  CONFIG_FILES    = 
  CONFIG_HEADERS  = 
  CONFIG_LINKS    = 
  CONFIG_COMMANDS = 
  $ ./config.status 

on ibcln01

config.status:1085: creating Makefile
config.status:1085: creating cfitsio.pc
config.status:1257: executing depfiles commands
config.status:1334: cd .       && sed -e '/# am--include-marker/d' Makefile         | make -f - am--depfiles
make: Nothing to be done for `am--depfiles'.
config.status:1339: $? = 0
config.status:1257: executing libtool commands
configure:25177: result: 
configure:25179: result:     Congratulations, Makefile update was successful.
configure:25181: result:     You may want to run make now.
configure:25183: result: 

## ---------------- ##
## Cache variables. ##
## ---------------- ##

ac_cv_build=x86_64-pc-linux-gnu
ac_cv_c_compiler_gnu=yes
ac_cv_env_CC_set=
ac_cv_env_CC_value=
ac_cv_env_CFLAGS_set=
ac_cv_env_CFLAGS_value=
ac_cv_env_CPPFLAGS_set=
ac_cv_env_CPPFLAGS_value=
ac_cv_env_F77_set=
ac_cv_env_F77_value=
ac_cv_env_FFLAGS_set=
ac_cv_env_FFLAGS_value=
ac_cv_env_LDFLAGS_set=
ac_cv_env_LDFLAGS_value=
ac_cv_env_LIBS_set=
ac_cv_env_LIBS_value=
ac_cv_env_LT_SYS_LIBRARY_PATH_set=
ac_cv_env_LT_SYS_LIBRARY_PATH_value=
ac_cv_env_build_alias_set=
ac_cv_env_build_alias_value=
ac_cv_env_host_alias_set=
ac_cv_env_host_alias_value=
ac_cv_env_target_alias_set=
ac_cv_env_target_alias_value=
ac_cv_f77_compiler_gnu=yes
ac_cv_func_fmemopen=yes
ac_cv_header_dlfcn_h=yes
ac_cv_header_inttypes_h=yes
ac_cv_header_limits_h=yes
ac_cv_header_math_h=yes
ac_cv_header_stdint_h=yes
ac_cv_header_stdio_h=yes
ac_cv_header_stdlib_h=yes
ac_cv_header_string_h=yes
ac_cv_header_strings_h=yes
ac_cv_header_sys_stat_h=yes
ac_cv_header_sys_types_h=yes
ac_cv_header_unistd_h=yes
ac_cv_host=x86_64-pc-linux-gnu
ac_cv_lib_z_inflateEnd=yes
ac_cv_objext=o
ac_cv_path_CURLCONFIG=/usr/bin/curl-config
ac_cv_path_EGREP='/usr/bin/grep -E'
ac_cv_path_EGREP_TRADITIONAL='/usr/bin/grep -E'
ac_cv_path_FGREP='/usr/bin/grep -F'
ac_cv_path_GREP=/usr/bin/grep
ac_cv_path_SED=/usr/bin/sed
ac_cv_path_install='/usr/bin/install -c'
ac_cv_path_lt_DD=/usr/bin/dd
ac_cv_path_mkdir=/usr/bin/mkdir
ac_cv_prog_AR=ar
ac_cv_prog_AWK=gawk
ac_cv_prog_FILECMD=file
ac_cv_prog_ac_ct_AR=ar
ac_cv_prog_ac_ct_CC=gcc
ac_cv_prog_ac_ct_F77=gfortran
ac_cv_prog_ac_ct_OBJDUMP=objdump
ac_cv_prog_ac_ct_RANLIB=ranlib
ac_cv_prog_ac_ct_STRIP=strip
ac_cv_prog_cc_c11=-std=gnu11
ac_cv_prog_cc_g=yes
ac_cv_prog_cc_stdc=-std=gnu11
ac_cv_prog_f77_g=yes
ac_cv_prog_make_make_set=yes
ac_cv_search_connect='none required'
ac_cv_search_gethostbyname='none required'
ac_cv_target=x86_64-pc-linux-gnu
am_cv_CC_dependencies_compiler_type=gcc3
am_cv_filesystem_timestamp_resolution=2
am_cv_make_support_nested_variables=yes
am_cv_prog_cc_c_o=yes
am_cv_sleep_fractional_seconds=yes
am_cv_xargs_n_works=yes
lt_cv_ar_at_file=@
lt_cv_archive_cmds_need_lc=no
lt_cv_deplibs_check_method=pass_all
lt_cv_file_magic_cmd='$MAGIC_CMD'
lt_cv_file_magic_test_file=
lt_cv_ld_reload_flag=-r
lt_cv_nm_interface='BSD nm'
lt_cv_objdir=.libs
lt_cv_path_LD=/usr/bin/ld
lt_cv_path_NM='/usr/bin/nm -B'
lt_cv_path_manifest_tool=no
lt_cv_prog_compiler_c_o=yes
lt_cv_prog_compiler_c_o_F77=yes
lt_cv_prog_compiler_pic='-fPIC -DPIC'
lt_cv_prog_compiler_pic_F77=-fPIC
lt_cv_prog_compiler_pic_works=yes
lt_cv_prog_compiler_pic_works_F77=yes
lt_cv_prog_compiler_rtti_exceptions=no
lt_cv_prog_compiler_static_works=no
lt_cv_prog_compiler_static_works_F77=no
lt_cv_prog_gnu_ld=yes
lt_cv_sharedlib_from_linklib_cmd='printf %s\n'
lt_cv_shlibpath_overrides_runpath=no
lt_cv_sys_global_symbol_pipe='/usr/bin/sed -n -e '\''s/^.*[	 ]\([ABCDGIRSTW][ABCDGIRSTW]*\)[	 ][	 ]*\([_A-Za-z][_A-Za-z0-9]*\)$/\1 \2 \2/p'\'' | /usr/bin/sed '\''/ __gnu_lto/d'\'''
lt_cv_sys_global_symbol_to_c_name_address='/usr/bin/sed -n -e '\''s/^: \(.*\) .*$/  {"\1", (void *) 0},/p'\'' -e '\''s/^[ABCDGIRSTW][ABCDGIRSTW]* .* \(.*\)$/  {"\1", (void *) \&\1},/p'\'''
lt_cv_sys_global_symbol_to_c_name_address_lib_prefix='/usr/bin/sed -n -e '\''s/^: \(.*\) .*$/  {"\1", (void *) 0},/p'\'' -e '\''s/^[ABCDGIRSTW][ABCDGIRSTW]* .* \(lib.*\)$/  {"\1", (void *) \&\1},/p'\'' -e '\''s/^[ABCDGIRSTW][ABCDGIRSTW]* .* \(.*\)$/  {"lib\1", (void *) \&\1},/p'\'''
lt_cv_sys_global_symbol_to_cdecl='/usr/bin/sed -n -e '\''s/^T .* \(.*\)$/extern int \1();/p'\'' -e '\''s/^[ABCDGIRSTW][ABCDGIRSTW]* .* \(.*\)$/extern char \1;/p'\'''
lt_cv_sys_global_symbol_to_import=
lt_cv_sys_max_cmd_len=3458764513820540925
lt_cv_to_host_file_cmd=func_convert_file_noop
lt_cv_to_tool_file_cmd=func_convert_file_noop
lt_cv_truncate_bin='/usr/bin/dd bs=4096 count=1'

## ----------------- ##
## Output variables. ##
## ----------------- ##

ACLOCAL='${SHELL} '\''/home/thuscc25team39/WORK/MYSTERY/FINAL/cfitsio-4.6.3/config/missing'\'' aclocal-1.17'
AMDEPBACKSLASH='\'
AMDEP_FALSE='#'
AMDEP_TRUE=''
AMTAR='$${TAR-tar}'
AM_BACKSLASH='\'
AM_DEFAULT_V='$(AM_DEFAULT_VERBOSITY)'
AM_DEFAULT_VERBOSITY='1'
AM_V='$(V)'
AR='ar'
ARCH='linux'
ARCHIVE='ar rv'
AUTOCONF='${SHELL} '\''/home/thuscc25team39/WORK/MYSTERY/FINAL/cfitsio-4.6.3/config/missing'\'' autoconf'
AUTOHEADER='${SHELL} '\''/home/thuscc25team39/WORK/MYSTERY/FINAL/cfitsio-4.6.3/config/missing'\'' autoheader'
AUTOMAKE='${SHELL} '\''/home/thuscc25team39/WORK/MYSTERY/FINAL/cfitsio-4.6.3/config/missing'\'' automake-1.17'
AWK='gawk'
CC='gcc -std=gnu11'
CCDEPMODE='depmode=gcc3'
CFLAGS='-g -O2 -Dg77Fortran'
CPPFLAGS=''
CSCOPE='cscope'
CTAGS='ctags'
CURLCONFIG='/usr/bin/curl-config'
CYGPATH_W='echo'
DEFS='-DPACKAGE_NAME=\"cfitsio\" -DPACKAGE_TARNAME=\"cfitsio\" -DPACKAGE_VERSION=\"4.6.3\" -DPACKAGE_STRING=\"cfitsio\ 4.6.3\" -DPACKAGE_BUGREPORT=\"\" -DPACKAGE_URL=\"\" -DPACKAGE=\"cfitsio\" -DVERSION=\"4.6.3\" -DHAVE_STDIO_H=1 -DHAVE_STDLIB_H=1 -DHAVE_STRING_H=1 -DHAVE_INTTYPES_H=1 -DHAVE_STDINT_H=1 -DHAVE_STRINGS_H=1 -DHAVE_SYS_STAT_H=1 -DHAVE_SYS_TYPES_H=1 -DHAVE_UNISTD_H=1 -DSTDC_HEADERS=1 -DHAVE_DLFCN_H=1 -DLT_OBJDIR=\".libs/\" -DHAVE_STDLIB_H=1 -DHAVE_STRING_H=1 -DHAVE_MATH_H=1 -DHAVE_LIMITS_H=1 -D_LARGEFILE_SOURCE=1 -D_FILE_OFFSET_BITS=64 -DCFITSIO_HAVE_CURL=1 -DHAVE_LIBZ=1 -DHAVE_FTRUNCATE=1 -DHAVE_LONGLONG=1 -DHAVE_SHMEM_SERVICES=1 -DHAVE_FMEMOPEN=1 -DHAVE_NET_SERVICES=1'
DEPDIR='.deps'
DLLTOOL='false'
DSYMUTIL=''
DUMPBIN=''
ECHO_C=''
ECHO_N='-n'
ECHO_T=''
EGREP='/usr/bin/grep -E'
ETAGS='etags'
EXEEXT=''
F77='gfortran'
FC=''
FFLAGS='-g -O2'
FGREP='/usr/bin/grep -F'
FILECMD='file'
GCCVERSION='4.8.5'
GREP='/usr/bin/grep'
INSTALL_DATA='${INSTALL} -m 644'
INSTALL_PROGRAM='${INSTALL}'
INSTALL_ROOT='${prefix}'
INSTALL_SCRIPT='${INSTALL}'
INSTALL_STRIP_PROGRAM='$(install_sh) -c -s'
LD='/usr/bin/ld -m elf_x86_64'
LDFLAGS=''
LIBOBJS=''
LIBPRE=''
LIBS='-lz '
LIBS_CURL='-lcurl  '
LIBTOOL='$(SHELL) $(top_builddir)/libtool'
LIPO=''
LN_S='ln -s'
LTLIBOBJS=''
LT_SYS_LIBRARY_PATH=''
MAINT='#'
MAINTAINER_MODE_FALSE=''
MAINTAINER_MODE_TRUE='#'
MAKEINFO='${SHELL} '\''/home/thuscc25team39/WORK/MYSTERY/FINAL/cfitsio-4.6.3/config/missing'\'' makeinfo'
MANIFEST_TOOL=':'
MKDIR_P='/usr/bin/mkdir -p'
NM='/usr/bin/nm -B'
NMEDIT=''
NOFORTRAN_FALSE=''
NOFORTRAN_TRUE='#'
NOGSIFTP_FALSE='#'
NOGSIFTP_TRUE=''
OBJDUMP='objdump'
OBJEXT='o'
OTOOL64=''
OTOOL=''
PACKAGE='cfitsio'
PACKAGE_BUGREPORT=''
PACKAGE_NAME='cfitsio'
PACKAGE_STRING='cfitsio 4.6.3'
PACKAGE_TARNAME='cfitsio'
PACKAGE_URL=''
PACKAGE_VERSION='4.6.3'
PATH_SEPARATOR=':'
RANLIB='ranlib'
SED='/usr/bin/sed'
SET_MAKE=''
SHELL='/bin/sh'
SSE_FLAGS=''
STRIP='strip'
VERSION='4.6.3'
ac_ct_AR='ar'
ac_ct_CC='gcc'
ac_ct_DUMPBIN=''
ac_ct_F77='gfortran'
am__EXEEXT_FALSE=''
am__EXEEXT_TRUE='#'
am__fastdepCC_FALSE='#'
am__fastdepCC_TRUE=''
am__include='include'
am__isrc=''
am__leading_dot='.'
am__nodep='_no'
am__quote=''
am__rm_f_notfound=''
am__tar='$${TAR-tar} chof - "$$tardir"'
am__untar='$${TAR-tar} xf -'
am__xargs_n='xargs -n'
bindir='${exec_prefix}/bin'
build='x86_64-pc-linux-gnu'
build_alias=''
build_cpu='x86_64'
build_os='linux-gnu'
build_vendor='pc'
datadir='${datarootdir}'
datarootdir='${prefix}/share'
docdir='${datarootdir}/doc/${PACKAGE_TARNAME}'
dvidir='${docdir}'
exec_prefix='${prefix}'
host='x86_64-pc-linux-gnu'
host_alias=''
host_cpu='x86_64'
host_os='linux-gnu'
host_vendor='pc'
htmldir='${docdir}'
includedir='${prefix}/include'
infodir='${datarootdir}/info'
install_sh='${SHELL} /home/thuscc25team39/WORK/MYSTERY/FINAL/cfitsio-4.6.3/config/install-sh'
libdir='${exec_prefix}/lib'
libexecdir='${exec_prefix}/libexec'
localedir='${datarootdir}/locale'
localstatedir='${prefix}/var'
mandir='${datarootdir}/man'
mkdir_p='$(MKDIR_P)'
my_shmem='${SOURCES_SHMEM}'
oldincludedir='/usr/include'
pdfdir='${docdir}'
prefix='/home/thuscc25team39/WORK/MYSTERY/FINAL/cfitsio_local'
program_transform_name='s,x,x,'
psdir='${docdir}'
runstatedir='${localstatedir}/run'
sbindir='${exec_prefix}/sbin'
sharedstatedir='${prefix}/com'
sysconfdir='${prefix}/etc'
target='x86_64-pc-linux-gnu'
target_alias=''
target_cpu='x86_64'
target_os='linux-gnu'
target_vendor='pc'
version_info='10'

## ----------- ##
## confdefs.h. ##
## ----------- ##

/* confdefs.h */
#define PACKAGE_NAME "cfitsio"
#define PACKAGE_TARNAME "cfitsio"
#define PACKAGE_VERSION "4.6.3"
#define PACKAGE_STRING "cfitsio 4.6.3"
#define PACKAGE_BUGREPORT ""
#define PACKAGE_URL ""
#define PACKAGE "cfitsio"
#define VERSION "4.6.3"
#define HAVE_STDIO_H 1
#define HAVE_STDLIB_H 1
#define HAVE_STRING_H 1
#define HAVE_INTTYPES_H 1
#define HAVE_STDINT_H 1
#define HAVE_STRINGS_H 1
#define HAVE_SYS_STAT_H 1
#define HAVE_SYS_TYPES_H 1
#define HAVE_UNISTD_H 1
#define STDC_HEADERS 1
#define HAVE_DLFCN_H 1
#define LT_OBJDIR ".libs/"
#define HAVE_STDLIB_H 1
#define HAVE_STRING_H 1
#define HAVE_MATH_H 1
#define HAVE_LIMITS_H 1
#define _LARGEFILE_SOURCE 1
#define _FILE_OFFSET_BITS 64
#define CFITSIO_HAVE_CURL 1
#define HAVE_LIBZ 1
#define HAVE_FTRUNCATE 1
#define HAVE_LONGLONG 1
#define HAVE_SHMEM_SERVICES 1
#define HAVE_FMEMOPEN 1
#define HAVE_NET_SERVICES 1

configure: exit 0
